nohup: ignoring input
Namespace(batch_size=32, dataset='modelnet40', dropout=0.5, emb_dims=1024, epochs=250, eval=False, exp_name='dgcnn_1024', k=20, lr=0.001, model='dgcnn', model_path='', momentum=0.9, no_cuda=False, num_points=1024, seed=1, test_batch_size=16, use_sgd=True)
W1101 00:36:04.555995   337 device_context.cc:404] Please NOTE: device: 0, GPU Compute Capability: 7.0, Driver API Version: 10.1, Runtime API Version: 10.1
W1101 00:36:04.561394   337 device_context.cc:422] device: 0, cuDNN Version: 7.6.
DGCNN(
  (bn1): BatchNorm2D(num_features=64, momentum=0.9, epsilon=1e-05)
  (bn2): BatchNorm2D(num_features=64, momentum=0.9, epsilon=1e-05)
  (bn3): BatchNorm2D(num_features=128, momentum=0.9, epsilon=1e-05)
  (bn4): BatchNorm2D(num_features=256, momentum=0.9, epsilon=1e-05)
  (bn5): BatchNorm1D(num_features=1024, momentum=0.9, epsilon=1e-05, data_format=NCL)
  (conv1): Sequential(
    (0): Conv2D(6, 64, kernel_size=[1, 1], data_format=NCHW)
    (1): BatchNorm2D(num_features=64, momentum=0.9, epsilon=1e-05)
    (2): LeakyReLU(negative_slope=0.2)
  )
  (conv2): Sequential(
    (0): Conv2D(128, 64, kernel_size=[1, 1], data_format=NCHW)
    (1): BatchNorm2D(num_features=64, momentum=0.9, epsilon=1e-05)
    (2): LeakyReLU(negative_slope=0.2)
  )
  (conv3): Sequential(
    (0): Conv2D(128, 128, kernel_size=[1, 1], data_format=NCHW)
    (1): BatchNorm2D(num_features=128, momentum=0.9, epsilon=1e-05)
    (2): LeakyReLU(negative_slope=0.2)
  )
  (conv4): Sequential(
    (0): Conv2D(256, 256, kernel_size=[1, 1], data_format=NCHW)
    (1): BatchNorm2D(num_features=256, momentum=0.9, epsilon=1e-05)
    (2): LeakyReLU(negative_slope=0.2)
  )
  (conv5): Sequential(
    (0): Conv1D(512, 1024, kernel_size=[1], data_format=NCL)
    (1): BatchNorm1D(num_features=1024, momentum=0.9, epsilon=1e-05, data_format=NCL)
    (2): LeakyReLU(negative_slope=0.2)
  )
  (linear1): Linear(in_features=2048, out_features=512, dtype=float32)
  (bn6): BatchNorm1D(num_features=512, momentum=0.9, epsilon=1e-05, data_format=NCL)
  (dp1): Dropout(p=0.5, axis=None, mode=upscale_in_train)
  (linear2): Linear(in_features=512, out_features=256, dtype=float32)
  (bn7): BatchNorm1D(num_features=256, momentum=0.9, epsilon=1e-05, data_format=NCL)
  (dp2): Dropout(p=0.5, axis=None, mode=upscale_in_train)
  (linear3): Linear(in_features=256, out_features=40, dtype=float32)
)
Use SGD
Train 0, loss: 2.789443, train acc: 0.447272, train avg acc: 0.275863
Test 0, loss: 2.191340, test acc: 0.630065, test avg acc: 0.472983
Train 1, loss: 2.190713, train acc: 0.643628, train avg acc: 0.466786
Test 1, loss: 1.929280, test acc: 0.760940, test avg acc: 0.642942
Train 2, loss: 2.039283, train acc: 0.711319, train avg acc: 0.555072
Test 2, loss: 1.813253, test acc: 0.808347, test avg acc: 0.699855
Train 3, loss: 1.953864, train acc: 0.751120, train avg acc: 0.617639
Test 3, loss: 1.774016, test acc: 0.818071, test avg acc: 0.697866
Train 4, loss: 1.898417, train acc: 0.774328, train avg acc: 0.657210
Test 4, loss: 1.816935, test acc: 0.797407, test avg acc: 0.700413
Train 5, loss: 1.860436, train acc: 0.785016, train avg acc: 0.667232
Test 5, loss: 1.745950, test acc: 0.829417, test avg acc: 0.748517
Train 6, loss: 1.836063, train acc: 0.798046, train avg acc: 0.687145
Test 6, loss: 1.715556, test acc: 0.838736, test avg acc: 0.763233
Train 7, loss: 1.812613, train acc: 0.808937, train avg acc: 0.704752
Test 7, loss: 1.704735, test acc: 0.844003, test avg acc: 0.766262
Train 8, loss: 1.784478, train acc: 0.816368, train avg acc: 0.715987
Test 8, loss: 1.723407, test acc: 0.844003, test avg acc: 0.795523
Train 9, loss: 1.770079, train acc: 0.822272, train avg acc: 0.724417
Test 9, loss: 1.710168, test acc: 0.840357, test avg acc: 0.781203
Train 10, loss: 1.739694, train acc: 0.836014, train avg acc: 0.743663
Test 10, loss: 1.755388, test acc: 0.819692, test avg acc: 0.723674
Train 11, loss: 1.734036, train acc: 0.841307, train avg acc: 0.752239
Test 11, loss: 1.676300, test acc: 0.854538, test avg acc: 0.789500
Train 12, loss: 1.730830, train acc: 0.838966, train avg acc: 0.752696
Test 12, loss: 1.673949, test acc: 0.849676, test avg acc: 0.802669
Train 13, loss: 1.715138, train acc: 0.846498, train avg acc: 0.763830
Test 13, loss: 1.637790, test acc: 0.873987, test avg acc: 0.788483
Train 14, loss: 1.710547, train acc: 0.849247, train avg acc: 0.769392
Test 14, loss: 1.635512, test acc: 0.867099, test avg acc: 0.819965
Train 15, loss: 1.701813, train acc: 0.853318, train avg acc: 0.771869
Test 15, loss: 1.666000, test acc: 0.857780, test avg acc: 0.761384
Train 16, loss: 1.693933, train acc: 0.858917, train avg acc: 0.780730
Test 16, loss: 1.620906, test acc: 0.876013, test avg acc: 0.805628
Train 17, loss: 1.689057, train acc: 0.857492, train avg acc: 0.778026
Test 17, loss: 1.655849, test acc: 0.861021, test avg acc: 0.790669
Train 18, loss: 1.693147, train acc: 0.855456, train avg acc: 0.774452
Test 18, loss: 1.606205, test acc: 0.858590, test avg acc: 0.802471
Train 19, loss: 1.689506, train acc: 0.860444, train avg acc: 0.786160
Test 19, loss: 1.606585, test acc: 0.882496, test avg acc: 0.817413
Train 20, loss: 1.673104, train acc: 0.865024, train avg acc: 0.792878
Test 20, loss: 1.668168, test acc: 0.860211, test avg acc: 0.788610
Train 21, loss: 1.669737, train acc: 0.866450, train avg acc: 0.790619
Test 21, loss: 1.602567, test acc: 0.886548, test avg acc: 0.815924
Train 22, loss: 1.668354, train acc: 0.863498, train avg acc: 0.788288
Test 22, loss: 1.603547, test acc: 0.873582, test avg acc: 0.805256
Train 23, loss: 1.664201, train acc: 0.866551, train avg acc: 0.793907
Test 23, loss: 1.588399, test acc: 0.888169, test avg acc: 0.820523
Train 24, loss: 1.654825, train acc: 0.870928, train avg acc: 0.799210
Test 24, loss: 1.624682, test acc: 0.872366, test avg acc: 0.827000
Train 25, loss: 1.654307, train acc: 0.874898, train avg acc: 0.811448
Test 25, loss: 1.599769, test acc: 0.880470, test avg acc: 0.823814
Train 26, loss: 1.652268, train acc: 0.870114, train avg acc: 0.800079
Test 26, loss: 1.609133, test acc: 0.880065, test avg acc: 0.824256
Train 27, loss: 1.637827, train acc: 0.880293, train avg acc: 0.817880
Test 27, loss: 1.616417, test acc: 0.877229, test avg acc: 0.799360
Train 28, loss: 1.652485, train acc: 0.874084, train avg acc: 0.806861
Test 28, loss: 1.615541, test acc: 0.875203, test avg acc: 0.822372
Train 29, loss: 1.650571, train acc: 0.877239, train avg acc: 0.811257
Test 29, loss: 1.652104, test acc: 0.865883, test avg acc: 0.787959
Train 30, loss: 1.639616, train acc: 0.875509, train avg acc: 0.804490
Test 30, loss: 1.601395, test acc: 0.881686, test avg acc: 0.824203
Train 31, loss: 1.631511, train acc: 0.885281, train avg acc: 0.817390
Test 31, loss: 1.600108, test acc: 0.874797, test avg acc: 0.817233
Train 32, loss: 1.636356, train acc: 0.881311, train avg acc: 0.817445
Test 32, loss: 1.620825, test acc: 0.876418, test avg acc: 0.847535
Train 33, loss: 1.635303, train acc: 0.876221, train avg acc: 0.805500
Test 33, loss: 1.596842, test acc: 0.882901, test avg acc: 0.846698
Train 34, loss: 1.634331, train acc: 0.876018, train avg acc: 0.810182
Test 34, loss: 1.612484, test acc: 0.865478, test avg acc: 0.785076
Train 35, loss: 1.629433, train acc: 0.879581, train avg acc: 0.814752
Test 35, loss: 1.595230, test acc: 0.879254, test avg acc: 0.821890
Train 36, loss: 1.623777, train acc: 0.881820, train avg acc: 0.820351
Test 36, loss: 1.580544, test acc: 0.884927, test avg acc: 0.824512
Train 37, loss: 1.635491, train acc: 0.880700, train avg acc: 0.815016
Test 37, loss: 1.597230, test acc: 0.880470, test avg acc: 0.799314
Train 38, loss: 1.617162, train acc: 0.885688, train avg acc: 0.824907
Test 38, loss: 1.613908, test acc: 0.868314, test avg acc: 0.812919
Train 39, loss: 1.620641, train acc: 0.881718, train avg acc: 0.816979
Test 39, loss: 1.618107, test acc: 0.869125, test avg acc: 0.822378
Train 40, loss: 1.620741, train acc: 0.885179, train avg acc: 0.819964
Test 40, loss: 1.578643, test acc: 0.878444, test avg acc: 0.803122
Train 41, loss: 1.610914, train acc: 0.889047, train avg acc: 0.829754
Test 41, loss: 1.648650, test acc: 0.866288, test avg acc: 0.825070
Train 42, loss: 1.610069, train acc: 0.892610, train avg acc: 0.836226
Test 42, loss: 1.612611, test acc: 0.871151, test avg acc: 0.822233
Train 43, loss: 1.617966, train acc: 0.884059, train avg acc: 0.821166
Test 43, loss: 1.600702, test acc: 0.874392, test avg acc: 0.824855
Train 44, loss: 1.608406, train acc: 0.891388, train avg acc: 0.832526
Test 44, loss: 1.582614, test acc: 0.897893, test avg acc: 0.851669
Train 45, loss: 1.610715, train acc: 0.888335, train avg acc: 0.827199
Test 45, loss: 1.582137, test acc: 0.887358, test avg acc: 0.828041
Train 46, loss: 1.600800, train acc: 0.893831, train avg acc: 0.834572
Test 46, loss: 1.599660, test acc: 0.891410, test avg acc: 0.843087
Train 47, loss: 1.614874, train acc: 0.890167, train avg acc: 0.831541
Test 47, loss: 1.602423, test acc: 0.873987, test avg acc: 0.822948
Train 48, loss: 1.607406, train acc: 0.893322, train avg acc: 0.836161
Test 48, loss: 1.545168, test acc: 0.895867, test avg acc: 0.836599
Train 49, loss: 1.605371, train acc: 0.889047, train avg acc: 0.833025
Test 49, loss: 1.562861, test acc: 0.893031, test avg acc: 0.841419
Train 50, loss: 1.598564, train acc: 0.891694, train avg acc: 0.830090
Test 50, loss: 1.580082, test acc: 0.888979, test avg acc: 0.824628
Train 51, loss: 1.593464, train acc: 0.893831, train avg acc: 0.836103
Test 51, loss: 1.560025, test acc: 0.897488, test avg acc: 0.842384
Train 52, loss: 1.604385, train acc: 0.887622, train avg acc: 0.828118
Test 52, loss: 1.606729, test acc: 0.863452, test avg acc: 0.824959
Train 53, loss: 1.593570, train acc: 0.896071, train avg acc: 0.837793
Test 53, loss: 1.568512, test acc: 0.889384, test avg acc: 0.835081
Train 54, loss: 1.585728, train acc: 0.898310, train avg acc: 0.841757
Test 54, loss: 1.574503, test acc: 0.887358, test avg acc: 0.850297
Train 55, loss: 1.603821, train acc: 0.894035, train avg acc: 0.834663
Test 55, loss: 1.582589, test acc: 0.877634, test avg acc: 0.828680
Train 56, loss: 1.600046, train acc: 0.893933, train avg acc: 0.835829
Test 56, loss: 1.606581, test acc: 0.877634, test avg acc: 0.814267
Train 57, loss: 1.590768, train acc: 0.893831, train avg acc: 0.840331
Test 57, loss: 1.571435, test acc: 0.885737, test avg acc: 0.839134
Train 58, loss: 1.590774, train acc: 0.893831, train avg acc: 0.836436
Test 58, loss: 1.560203, test acc: 0.887763, test avg acc: 0.839727
Train 59, loss: 1.593140, train acc: 0.892305, train avg acc: 0.834489
Test 59, loss: 1.595756, test acc: 0.883712, test avg acc: 0.829384
Train 60, loss: 1.584187, train acc: 0.899939, train avg acc: 0.843981
Test 60, loss: 1.572798, test acc: 0.881280, test avg acc: 0.832820
Train 61, loss: 1.587502, train acc: 0.898412, train avg acc: 0.840258
Test 61, loss: 1.534900, test acc: 0.898703, test avg acc: 0.860686
Train 62, loss: 1.584177, train acc: 0.897903, train avg acc: 0.841460
Test 62, loss: 1.537540, test acc: 0.887358, test avg acc: 0.826337
Train 63, loss: 1.578289, train acc: 0.902280, train avg acc: 0.850952
Test 63, loss: 1.549710, test acc: 0.901135, test avg acc: 0.849517
Train 64, loss: 1.589490, train acc: 0.896580, train avg acc: 0.844131
Test 64, loss: 1.592034, test acc: 0.886143, test avg acc: 0.838116
Train 65, loss: 1.583481, train acc: 0.901466, train avg acc: 0.846777
Test 65, loss: 1.533008, test acc: 0.895462, test avg acc: 0.840640
Train 66, loss: 1.579871, train acc: 0.901669, train avg acc: 0.848300
Test 66, loss: 1.579792, test acc: 0.871151, test avg acc: 0.828785
Train 67, loss: 1.564951, train acc: 0.906963, train avg acc: 0.857334
Test 67, loss: 1.536743, test acc: 0.897083, test avg acc: 0.848221
Train 68, loss: 1.567950, train acc: 0.906861, train avg acc: 0.855683
Test 68, loss: 1.555725, test acc: 0.899919, test avg acc: 0.845628
Train 69, loss: 1.575939, train acc: 0.903400, train avg acc: 0.852525
Test 69, loss: 1.597574, test acc: 0.874797, test avg acc: 0.840593
Train 70, loss: 1.579308, train acc: 0.902687, train avg acc: 0.851867
Test 70, loss: 1.569740, test acc: 0.886548, test avg acc: 0.833721
Train 71, loss: 1.577151, train acc: 0.903094, train avg acc: 0.850476
Test 71, loss: 1.610015, test acc: 0.873582, test avg acc: 0.826942
Train 72, loss: 1.582530, train acc: 0.898921, train avg acc: 0.847349
Test 72, loss: 1.612249, test acc: 0.888574, test avg acc: 0.821605
Train 73, loss: 1.572328, train acc: 0.901771, train avg acc: 0.849655
Test 73, loss: 1.534050, test acc: 0.897893, test avg acc: 0.846965
Train 74, loss: 1.571582, train acc: 0.902891, train avg acc: 0.850851
Test 74, loss: 1.550133, test acc: 0.888574, test avg acc: 0.828890
Train 75, loss: 1.577132, train acc: 0.900448, train avg acc: 0.847608
Test 75, loss: 1.528498, test acc: 0.900729, test avg acc: 0.851634
Train 76, loss: 1.560853, train acc: 0.907980, train avg acc: 0.857604
Test 76, loss: 1.539248, test acc: 0.899109, test avg acc: 0.840913
Train 77, loss: 1.558156, train acc: 0.909813, train avg acc: 0.859444
Test 77, loss: 1.530338, test acc: 0.897083, test avg acc: 0.854750
Train 78, loss: 1.556281, train acc: 0.914088, train avg acc: 0.865050
Test 78, loss: 1.568176, test acc: 0.893436, test avg acc: 0.836541
Train 79, loss: 1.563311, train acc: 0.905741, train avg acc: 0.856484
Test 79, loss: 1.586366, test acc: 0.878444, test avg acc: 0.814192
Train 80, loss: 1.565038, train acc: 0.904520, train avg acc: 0.850946
Test 80, loss: 1.533422, test acc: 0.889384, test avg acc: 0.856965
Train 81, loss: 1.566357, train acc: 0.905029, train avg acc: 0.854784
Test 81, loss: 1.548878, test acc: 0.888979, test avg acc: 0.843849
Train 82, loss: 1.570561, train acc: 0.902586, train avg acc: 0.852568
Test 82, loss: 1.530468, test acc: 0.895462, test avg acc: 0.846599
Train 83, loss: 1.561852, train acc: 0.909813, train avg acc: 0.860091
Test 83, loss: 1.517455, test acc: 0.905997, test avg acc: 0.846547
Train 84, loss: 1.561049, train acc: 0.906555, train avg acc: 0.855864
Test 84, loss: 1.514449, test acc: 0.904376, test avg acc: 0.847837
Train 85, loss: 1.550392, train acc: 0.913070, train avg acc: 0.869662
Test 85, loss: 1.555073, test acc: 0.893031, test avg acc: 0.849686
Train 86, loss: 1.548870, train acc: 0.908184, train avg acc: 0.860315
Test 86, loss: 1.560183, test acc: 0.894246, test avg acc: 0.856017
Train 87, loss: 1.548148, train acc: 0.913070, train avg acc: 0.866289
Test 87, loss: 1.585682, test acc: 0.880470, test avg acc: 0.822674
Train 88, loss: 1.552554, train acc: 0.910322, train avg acc: 0.864609
Test 88, loss: 1.554764, test acc: 0.889789, test avg acc: 0.836052
Train 89, loss: 1.543244, train acc: 0.912357, train avg acc: 0.863765
Test 89, loss: 1.559853, test acc: 0.893031, test avg acc: 0.862587
Train 90, loss: 1.542887, train acc: 0.915513, train avg acc: 0.872085
Test 90, loss: 1.553122, test acc: 0.888979, test avg acc: 0.859895
Train 91, loss: 1.541400, train acc: 0.916735, train avg acc: 0.872954
Test 91, loss: 1.588957, test acc: 0.881686, test avg acc: 0.838576
Train 92, loss: 1.542745, train acc: 0.917243, train avg acc: 0.875331
Test 92, loss: 1.558986, test acc: 0.883306, test avg acc: 0.832459
Train 93, loss: 1.540488, train acc: 0.916022, train avg acc: 0.870803
Test 93, loss: 1.547143, test acc: 0.900729, test avg acc: 0.841552
Train 94, loss: 1.544464, train acc: 0.916735, train avg acc: 0.872132
Test 94, loss: 1.577638, test acc: 0.874392, test avg acc: 0.838924
Train 95, loss: 1.547224, train acc: 0.916429, train avg acc: 0.872702
Test 95, loss: 1.583898, test acc: 0.891815, test avg acc: 0.845250
Train 96, loss: 1.528920, train acc: 0.920297, train avg acc: 0.875981
Test 96, loss: 1.517045, test acc: 0.902350, test avg acc: 0.860895
Train 97, loss: 1.530126, train acc: 0.921621, train avg acc: 0.881566
Test 97, loss: 1.543369, test acc: 0.897488, test avg acc: 0.855180
Train 98, loss: 1.536694, train acc: 0.918058, train avg acc: 0.876001
Test 98, loss: 1.570602, test acc: 0.879254, test avg acc: 0.838256
